<?xml version="1.0" encoding="utf-8"?><testsuites name="pytest tests"><testsuite name="pytest" errors="0" failures="0" skipped="0" tests="38" time="14.560" timestamp="2026-05-20T15:13:30.940767+00:00" hostname="agent-env-1beb726c-abba-459c-8e78-3135d7dbb679"><testcase classname="backend.tests.test_admin.TestAuth" name="test_login_success" time="0.906" /><testcase classname="backend.tests.test_admin.TestAuth" name="test_login_invalid_password" time="0.493" /><testcase classname="backend.tests.test_admin.TestAuth" name="test_login_unknown_email" time="0.089" /><testcase classname="backend.tests.test_admin.TestAuth" name="test_login_email_case_insensitive" time="0.508" /><testcase classname="backend.tests.test_admin.TestAuth" name="test_login_invalid_payload" time="0.089" /><testcase classname="backend.tests.test_admin.TestAuth" name="test_me_with_token" time="0.644" /><testcase classname="backend.tests.test_admin.TestAuth" name="test_me_without_token" time="0.335" /><testcase classname="backend.tests.test_admin.TestAuth" name="test_me_with_invalid_token" time="0.416" /><testcase classname="backend.tests.test_admin.TestAuth" name="test_me_with_malformed_header" time="0.191" /><testcase classname="backend.tests.test_admin.TestAdminAuthGuard" name="test_admin_endpoints_require_auth[PUT-/lab-info-payload0]" time="0.269" /><testcase classname="backend.tests.test_admin.TestAdminAuthGuard" name="test_admin_endpoints_require_auth[POST-/research-focus-payload1]" time="0.239" /><testcase classname="backend.tests.test_admin.TestAdminAuthGuard" name="test_admin_endpoints_require_auth[PUT-/research-focus/1-payload2]" time="0.280" /><testcase classname="backend.tests.test_admin.TestAdminAuthGuard" name="test_admin_endpoints_require_auth[DELETE-/research-focus/1-None]" time="0.250" /><testcase classname="backend.tests.test_admin.TestAdminAuthGuard" name="test_admin_endpoints_require_auth[POST-/publications-payload4]" time="0.248" /><testcase classname="backend.tests.test_admin.TestAdminAuthGuard" name="test_admin_endpoints_require_auth[PUT-/publications/1-payload5]" time="0.274" /><testcase classname="backend.tests.test_admin.TestAdminAuthGuard" name="test_admin_endpoints_require_auth[DELETE-/publications/1-None]" time="0.244" /><testcase classname="backend.tests.test_admin.TestAdminAuthGuard" name="test_admin_endpoints_require_auth[POST-/lab-members-payload7]" time="0.334" /><testcase classname="backend.tests.test_admin.TestAdminAuthGuard" name="test_admin_endpoints_require_auth[PUT-/lab-members/1-payload8]" time="0.401" /><testcase classname="backend.tests.test_admin.TestAdminAuthGuard" name="test_admin_endpoints_require_auth[DELETE-/lab-members/1-None]" time="0.214" /><testcase classname="backend.tests.test_admin.TestAdminAuthGuard" name="test_admin_endpoints_require_auth[POST-/news-payload10]" time="0.369" /><testcase classname="backend.tests.test_admin.TestAdminAuthGuard" name="test_admin_endpoints_require_auth[PUT-/news/1-payload11]" time="0.220" /><testcase classname="backend.tests.test_admin.TestAdminAuthGuard" name="test_admin_endpoints_require_auth[DELETE-/news/1-None]" time="0.263" /><testcase classname="backend.tests.test_admin.TestAdminAuthGuard" name="test_admin_endpoints_require_auth[GET-/contact-submissions-None]" time="0.234" /><testcase classname="backend.tests.test_admin.TestAdminAuthGuard" name="test_admin_endpoints_require_auth[DELETE-/contact-submissions/abc-None]" time="0.266" /><testcase classname="backend.tests.test_admin.TestAdminAuthGuard" name="test_admin_endpoints_reject_bad_token[PUT-/lab-info]" time="0.295" /><testcase classname="backend.tests.test_admin.TestAdminAuthGuard" name="test_admin_endpoints_reject_bad_token[POST-/research-focus]" time="0.214" /><testcase classname="backend.tests.test_admin.TestAdminAuthGuard" name="test_admin_endpoints_reject_bad_token[GET-/contact-submissions]" time="0.223" /><testcase classname="backend.tests.test_admin.TestLabInfoAdmin" name="test_update_lab_info" time="0.413" /><testcase classname="backend.tests.test_admin.TestResearchFocusAdmin" name="test_full_crud_lifecycle" time="0.640" /><testcase classname="backend.tests.test_admin.TestPublicationsAdmin" name="test_full_crud_lifecycle" time="0.596" /><testcase classname="backend.tests.test_admin.TestLabMembersAdmin" name="test_full_crud_lifecycle" time="0.503" /><testcase classname="backend.tests.test_admin.TestNewsAdmin" name="test_full_crud_lifecycle" time="0.552" /><testcase classname="backend.tests.test_admin.TestContactSubmissionsAdmin" name="test_list_and_delete_submissions" time="0.408" /><testcase classname="backend.tests.test_admin.TestPublicStillWorks" name="test_public_no_auth[/lab-info]" time="0.436" /><testcase classname="backend.tests.test_admin.TestPublicStillWorks" name="test_public_no_auth[/research-focus]" time="0.255" /><testcase classname="backend.tests.test_admin.TestPublicStillWorks" name="test_public_no_auth[/publications]" time="0.549" /><testcase classname="backend.tests.test_admin.TestPublicStillWorks" name="test_public_no_auth[/lab-members]" time="0.501" /><testcase classname="backend.tests.test_admin.TestPublicStillWorks" name="test_public_no_auth[/news]" time="0.297" /></testsuite></testsuites>