<?xml version="1.0" encoding="utf-8"?><testsuites name="pytest tests"><testsuite name="pytest" errors="0" failures="0" skipped="0" tests="56" time="16.909" timestamp="2026-05-20T15:13:53.873425+00:00" hostname="agent-env-1beb726c-abba-459c-8e78-3135d7dbb679"><testcase classname="backend.tests.backend_test.TestRoot" name="test_root" time="0.513" /><testcase classname="backend.tests.backend_test.TestLabInfo" name="test_lab_info_structure" time="0.106" /><testcase classname="backend.tests.backend_test.TestResearchFocus" name="test_research_focus_returns_4_sorted" time="0.154" /><testcase classname="backend.tests.backend_test.TestPublications" name="test_publications_returns_6_sorted_desc" time="0.102" /><testcase classname="backend.tests.backend_test.TestPublications" name="test_publications_with_limit" time="0.092" /><testcase classname="backend.tests.backend_test.TestPublications" name="test_publications_with_year_filter" time="0.095" /><testcase classname="backend.tests.backend_test.TestPublications" name="test_publications_year_no_match" time="0.091" /><testcase classname="backend.tests.backend_test.TestLabMembers" name="test_lab_members_returns_6_sorted" time="0.099" /><testcase classname="backend.tests.backend_test.TestNews" name="test_news_returns_3_sorted_desc" time="0.100" /><testcase classname="backend.tests.backend_test.TestNews" name="test_news_with_limit" time="0.092" /><testcase classname="backend.tests.backend_test.TestContact" name="test_submit_valid_contact_and_persist" time="0.099" /><testcase classname="backend.tests.backend_test.TestContact" name="test_contact_missing_name" time="0.095" /><testcase classname="backend.tests.backend_test.TestContact" name="test_contact_missing_email" time="0.096" /><testcase classname="backend.tests.backend_test.TestContact" name="test_contact_missing_subject" time="0.098" /><testcase classname="backend.tests.backend_test.TestContact" name="test_contact_missing_message" time="0.094" /><testcase classname="backend.tests.backend_test.TestContact" name="test_contact_invalid_email" time="0.094" /><testcase classname="backend.tests.backend_test.TestContact" name="test_contact_empty_field" time="0.097" /><testcase classname="backend.tests.backend_test.TestCORS" name="test_cors_headers" time="0.022" /><testcase classname="backend.tests.test_admin.TestAuth" name="test_login_success" time="1.008" /><testcase classname="backend.tests.test_admin.TestAuth" name="test_login_invalid_password" time="0.934" /><testcase classname="backend.tests.test_admin.TestAuth" name="test_login_unknown_email" time="0.099" /><testcase classname="backend.tests.test_admin.TestAuth" name="test_login_email_case_insensitive" time="0.815" /><testcase classname="backend.tests.test_admin.TestAuth" name="test_login_invalid_payload" time="0.074" /><testcase classname="backend.tests.test_admin.TestAuth" name="test_me_with_token" time="0.631" /><testcase classname="backend.tests.test_admin.TestAuth" name="test_me_without_token" time="0.397" /><testcase classname="backend.tests.test_admin.TestAuth" name="test_me_with_invalid_token" time="0.280" /><testcase classname="backend.tests.test_admin.TestAuth" name="test_me_with_malformed_header" time="0.215" /><testcase classname="backend.tests.test_admin.TestAdminAuthGuard" name="test_admin_endpoints_require_auth[PUT-/lab-info-payload0]" time="0.215" /><testcase classname="backend.tests.test_admin.TestAdminAuthGuard" name="test_admin_endpoints_require_auth[POST-/research-focus-payload1]" time="0.254" /><testcase classname="backend.tests.test_admin.TestAdminAuthGuard" name="test_admin_endpoints_require_auth[PUT-/research-focus/1-payload2]" time="0.200" /><testcase classname="backend.tests.test_admin.TestAdminAuthGuard" name="test_admin_endpoints_require_auth[DELETE-/research-focus/1-None]" time="0.339" /><testcase classname="backend.tests.test_admin.TestAdminAuthGuard" name="test_admin_endpoints_require_auth[POST-/publications-payload4]" time="0.276" /><testcase classname="backend.tests.test_admin.TestAdminAuthGuard" name="test_admin_endpoints_require_auth[PUT-/publications/1-payload5]" time="0.299" /><testcase classname="backend.tests.test_admin.TestAdminAuthGuard" name="test_admin_endpoints_require_auth[DELETE-/publications/1-None]" time="0.276" /><testcase classname="backend.tests.test_admin.TestAdminAuthGuard" name="test_admin_endpoints_require_auth[POST-/lab-members-payload7]" time="0.285" /><testcase classname="backend.tests.test_admin.TestAdminAuthGuard" name="test_admin_endpoints_require_auth[PUT-/lab-members/1-payload8]" time="0.230" /><testcase classname="backend.tests.test_admin.TestAdminAuthGuard" name="test_admin_endpoints_require_auth[DELETE-/lab-members/1-None]" time="0.300" /><testcase classname="backend.tests.test_admin.TestAdminAuthGuard" name="test_admin_endpoints_require_auth[POST-/news-payload10]" time="0.254" /><testcase classname="backend.tests.test_admin.TestAdminAuthGuard" name="test_admin_endpoints_require_auth[PUT-/news/1-payload11]" time="0.347" /><testcase classname="backend.tests.test_admin.TestAdminAuthGuard" name="test_admin_endpoints_require_auth[DELETE-/news/1-None]" time="0.306" /><testcase classname="backend.tests.test_admin.TestAdminAuthGuard" name="test_admin_endpoints_require_auth[GET-/contact-submissions-None]" time="0.298" /><testcase classname="backend.tests.test_admin.TestAdminAuthGuard" name="test_admin_endpoints_require_auth[DELETE-/contact-submissions/abc-None]" time="0.284" /><testcase classname="backend.tests.test_admin.TestAdminAuthGuard" name="test_admin_endpoints_reject_bad_token[PUT-/lab-info]" time="0.491" /><testcase classname="backend.tests.test_admin.TestAdminAuthGuard" name="test_admin_endpoints_reject_bad_token[POST-/research-focus]" time="0.254" /><testcase classname="backend.tests.test_admin.TestAdminAuthGuard" name="test_admin_endpoints_reject_bad_token[GET-/contact-submissions]" time="0.303" /><testcase classname="backend.tests.test_admin.TestLabInfoAdmin" name="test_update_lab_info" time="0.323" /><testcase classname="backend.tests.test_admin.TestResearchFocusAdmin" name="test_full_crud_lifecycle" time="0.525" /><testcase classname="backend.tests.test_admin.TestPublicationsAdmin" name="test_full_crud_lifecycle" time="0.536" /><testcase classname="backend.tests.test_admin.TestLabMembersAdmin" name="test_full_crud_lifecycle" time="0.362" /><testcase classname="backend.tests.test_admin.TestNewsAdmin" name="test_full_crud_lifecycle" time="0.468" /><testcase classname="backend.tests.test_admin.TestContactSubmissionsAdmin" name="test_list_and_delete_submissions" time="0.418" /><testcase classname="backend.tests.test_admin.TestPublicStillWorks" name="test_public_no_auth[/lab-info]" time="0.371" /><testcase classname="backend.tests.test_admin.TestPublicStillWorks" name="test_public_no_auth[/research-focus]" time="0.311" /><testcase classname="backend.tests.test_admin.TestPublicStillWorks" name="test_public_no_auth[/publications]" time="0.350" /><testcase classname="backend.tests.test_admin.TestPublicStillWorks" name="test_public_no_auth[/lab-members]" time="0.303" /><testcase classname="backend.tests.test_admin.TestPublicStillWorks" name="test_public_no_auth[/news]" time="0.290" /></testsuite></testsuites>